<?xml version="1.0" encoding="UTF-8" ?>
<testsuite 
errors="0" failures="0" hostname="CD181531" name="org.scalatest.tools.DiscoverySuite" tests="0" time="0.493" timestamp="2020-09-06T15:59:59">
  <properties>
    <property name="java.runtime.name" value="Java(TM) SE Runtime Environment">
    </property>
    <property 
    name="sun.boot.library.path" value="C:\Program Files\Java\jre1.8.0_231\bin">
</property>
    <property name="java.vm.version" value="25.231-b32"> </property>
    <property name="java.vm.vendor" value="Oracle Corporation"> </property>
    <property name="java.vendor.url" value="http://java.oracle.com/">
    </property>
    <property name="path.separator" value=";"> </property>
    <property name="java.vm.name" value="Java HotSpot(TM) 64-Bit Server VM">
    </property>
    <property name="file.encoding.pkg" value="sun.io"> </property>
    <property name="user.script" value=""> </property>
    <property name="user.country" value="AU"> </property>
    <property name="sun.java.launcher" value="SUN_STANDARD"> </property>
    <property name="sun.os.patch.level" value=""> </property>
    <property 
    name="java.vm.specification.name" value="Java Virtual Machine Specification">
</property>
    <property 
    name="user.dir" value="C:\Users\P1327167\IdeaProjects\tenPinBowlingSimulation">
</property>
    <property name="java.runtime.version" value="1.8.0_231-b32"> </property>
    <property 
    name="java.awt.graphicsenv" value="sun.awt.Win32GraphicsEnvironment">
</property>
    <property 
    name="basedir" value="C:\Users\P1327167\IdeaProjects\tenPinBowlingSimulation">
</property>
    <property 
    name="java.endorsed.dirs" value="C:\Program Files\Java\jre1.8.0_231\lib\endorsed">
</property>
    <property name="os.arch" value="amd64"> </property>
    <property 
    name="java.io.tmpdir" value="C:\Users\P1327167\AppData\Local\Temp\">
</property>
    <property name="line.separator" value=" "> </property>
    <property name="java.vm.specification.vendor" value="Oracle Corporation">
    </property>
    <property name="user.variant" value=""> </property>
    <property name="os.name" value="Windows 10"> </property>
    <property name="sun.jnu.encoding" value="Cp1252"> </property>
    <property 
    name="java.library.path" value="C:\Program Files (x86)\Common Files\Oracle\Java\javapath;C:\WINDOWS\Sun\Java\bin;C:\WINDOWS\system32;C:\WINDOWS;C:\Program Files\Python37\Scripts\;C:\Program Files\Python37\;C:\Program Files (x86)\Common Files\Oracle\Java\javapath;C:\Program Files\Teradata\client\15.00\Teradata Parallel Transporter\bin64;C:\Program Files\Teradata\client\15.00\Teradata Parallel Transporter\msg64;C:\Program Files (x86)\Teradata\client\15.00\Teradata Parallel Transporter\bin;C:\Program Files (x86)\Teradata\client\15.00\Teradata Parallel Transporter\msg;C:\PROGRA~1\Teradata\Client\15.00\bin;C:\PROGRA~2\Teradata\Client\15.00\bin;C:\Program Files\Teradata\Client\15.00\ODBC Driver for Teradata nt-x8664\Lib;C:\Program Files (x86)\Teradata\Client\15.00\ODBC Driver for Teradata\Lib;C:\PROGRA~1\Teradata\Client\15.00\bin\;C:\PROGRA~2\Teradata\Client\15.00\bin\;C:\WINDOWS\system32;C:\WINDOWS;C:\WINDOWS\System32\Wbem;C:\WINDOWS\System32\WindowsPowerShell\v1.0\;C:\PROGRA~1\PuTTY\;C:\PROGRA~1\Java\jdk1.8.0_121\bin;C:\PROGRA~1\1E\Client\Extensibility\NomadBranch;C:\Users\P1327167\AppData\Local\Microsoft\WindowsApps;C:\Users\P1327167\AppData\Local\JetBrains\IntelliJ IDEA Community Edition 2019.2.3\bin;;C:\Users\P1327167\AppData\Local\Programs\Git\cmd;C:\Software\apache-maven-3.6.2\bin;C:\Software\hadoop-2.8.5\bin;C:\Software\spark-2.4.4-bin-hadoop2.7\bin;C:\Software\spark-2.4.4-bin-hadoop2.7\jars\ojdbc7.jar;C:\Software\protobuff\bin;;.">
</property>
    <property 
    name="java.specification.name" value="Java Platform API Specification">
</property>
    <property name="java.class.version" value="52.0"> </property>
    <property 
    name="sun.management.compiler" value="HotSpot 64-Bit Tiered Compilers">
</property>
    <property name="os.version" value="10.0"> </property>
    <property name="user.home" value="C:\Users\P1327167"> </property>
    <property name="user.timezone" value=""> </property>
    <property name="java.awt.printerjob" value="sun.awt.windows.WPrinterJob">
    </property>
    <property name="file.encoding" value="Cp1252"> </property>
    <property name="java.specification.version" value="1.8"> </property>
    <property name="user.name" value="P1327167"> </property>
    <property 
    name="java.class.path" value="C:\Users\P1327167\IdeaProjects\tenPinBowlingSimulation\target\test-classes;C:\Users\P1327167\IdeaProjects\tenPinBowlingSimulation\target\classes;C:\Users\p1327167\.m2\repository\log4j\log4j\1.2.17\log4j-1.2.17.jar;C:\Users\p1327167\.m2\repository\org\scala-lang\scala-library\2.11.8\scala-library-2.11.8.jar;C:\Users\p1327167\.m2\repository\org\scalatest\scalatest_2.11\2.2.6\scalatest_2.11-2.2.6.jar;C:\Users\p1327167\.m2\repository\org\scala-lang\scala-reflect\2.11.7\scala-reflect-2.11.7.jar;C:\Users\p1327167\.m2\repository\org\scala-lang\modules\scala-xml_2.11\1.0.2\scala-xml_2.11-1.0.2.jar">
</property>
    <property name="java.vm.specification.version" value="1.8"> </property>
    <property name="sun.arch.data.model" value="64"> </property>
    <property name="java.home" value="C:\Program Files\Java\jre1.8.0_231">
    </property>
    <property 
    name="sun.java.command" value="org.scalatest.tools.Runner -R C:\Users\P1327167\IdeaProjects\tenPinBowlingSimulation\target\classes C:\Users\P1327167\IdeaProjects\tenPinBowlingSimulation\target\test-classes -o -fWDF C:\Users\P1327167\IdeaProjects\tenPinBowlingSimulation\target\surefire-reports\TestSuite.txt -u C:\Users\P1327167\IdeaProjects\tenPinBowlingSimulation\target\surefire-reports\.">
</property>
    <property name="java.specification.vendor" value="Oracle Corporation">
    </property>
    <property name="user.language" value="en"> </property>
    <property name="awt.toolkit" value="sun.awt.windows.WToolkit"> </property>
    <property name="java.vm.info" value="mixed mode"> </property>
    <property name="java.version" value="1.8.0_231"> </property>
    <property 
    name="java.ext.dirs" value="C:\Program Files\Java\jre1.8.0_231\lib\ext;C:\WINDOWS\Sun\Java\lib\ext">
</property>
    <property 
    name="sun.boot.class.path" value="C:\Program Files\Java\jre1.8.0_231\lib\resources.jar;C:\Program Files\Java\jre1.8.0_231\lib\rt.jar;C:\Program Files\Java\jre1.8.0_231\lib\sunrsasign.jar;C:\Program Files\Java\jre1.8.0_231\lib\jsse.jar;C:\Program Files\Java\jre1.8.0_231\lib\jce.jar;C:\Program Files\Java\jre1.8.0_231\lib\charsets.jar;C:\Program Files\Java\jre1.8.0_231\lib\jfr.jar;C:\Program Files\Java\jre1.8.0_231\classes">
</property>
    <property name="java.vendor" value="Oracle Corporation"> </property>
    <property name="file.separator" value="\"> </property>
    <property 
    name="java.vendor.url.bug" value="http://bugreport.sun.com/bugreport/">
</property>
    <property name="sun.cpu.endian" value="little"> </property>
    <property name="sun.io.unicode.encoding" value="UnicodeLittle"> </property>
    <property name="sun.desktop" value="windows"> </property>
    <property name="sun.cpu.isalist" value="amd64"> </property>
  </properties>
  <system-out><![CDATA[]]></system-out>
  <system-err><![CDATA[]]></system-err>
</testsuite>
